androidOne/build/outputs/logs/manifest-merger-debug-report.txt
-- Merging decision tree log ---
manifest
ADDED from src\main\AndroidManifest.xml:2:1-80:12
	package
		ADDED from src\main\AndroidManifest.xml:3:5-25
		INJECTED from src\main\AndroidManifest.xml
		INJECTED from src\main\AndroidManifest.xml
	android:versionName
		ADDED from src\main\AndroidManifest.xml:5:5-30
		INJECTED from src\main\AndroidManifest.xml
		INJECTED from src\main\AndroidManifest.xml
	android:versionCode
		ADDED from src\main\AndroidManifest.xml:4:5-28
		INJECTED from src\main\AndroidManifest.xml
		INJECTED from src\main\AndroidManifest.xml
	xmlns:android
		ADDED from src\main\AndroidManifest.xml:2:11-69
uses-sdk
ADDED from src\main\AndroidManifest.xml:7:5-9:41
MERGED from [studioOne:oneCore:unspecified] AndroidManifest.xml:7:5-9:41
MERGED from [studioOne:bugtags:unspecified] AndroidManifest.xml:7:5-9:41
MERGED from [com.pnikosis:materialish-progress:1.7] AndroidManifest.xml:7:5-9:41
MERGED from [com.facebook.fresco:fresco:0.9.0] AndroidManifest.xml:5:5-7:41
MERGED from [com.facebook.fresco:drawee:0.9.0] AndroidManifest.xml:5:5-7:41
MERGED from [com.android.support:support-v4:21.0.3] AndroidManifest.xml:15:5-42
MERGED from [com.facebook.fresco:fbcore:0.9.0] AndroidManifest.xml:5:5-7:41
MERGED from [com.facebook.fresco:imagepipeline:0.9.0] AndroidManifest.xml:5:5-7:41
MERGED from [com.facebook.fresco:imagepipeline-base:0.9.0] AndroidManifest.xml:5:5-7:41
MERGED from [com.alipay.euler:andfix:0.4.0] AndroidManifest.xml:7:5-9:41
	android:targetSdkVersion
		ADDED from src\main\AndroidManifest.xml:9:9-38
		INJECTED from src\main\AndroidManifest.xml
		INJECTED from src\main\AndroidManifest.xml
	android:minSdkVersion
		ADDED from src\main\AndroidManifest.xml:8:9-35
		INJECTED from src\main\AndroidManifest.xml
		INJECTED from src\main\AndroidManifest.xml
uses-permission#android.permission.INTERNET
ADDED from src\main\AndroidManifest.xml:11:5-67
	android:name
		ADDED from src\main\AndroidManifest.xml:11:22-64
uses-permission#android.permission.READ_PHONE_STATE
ADDED from src\main\AndroidManifest.xml:12:5-75
	android:name
		ADDED from src\main\AndroidManifest.xml:12:22-72
uses-permission#android.permission.ACCESS_WIFI_STATE
ADDED from src\main\AndroidManifest.xml:13:5-76
	android:name
		ADDED from src\main\AndroidManifest.xml:13:22-73
uses-permission#android.permission.WRITE_EXTERNAL_STORAGE
ADDED from src\main\AndroidManifest.xml:14:5-81
	android:name
		ADDED from src\main\AndroidManifest.xml:14:22-78
uses-permission#android.permission.ACCESS_NETWORK_STATE
ADDED from src\main\AndroidManifest.xml:15:5-79
	android:name
		ADDED from src\main\AndroidManifest.xml:15:22-76
uses-permission#android.permission.ACCESS_COARSE_LOCATION
ADDED from src\main\AndroidManifest.xml:16:5-81
	android:name
		ADDED from src\main\AndroidManifest.xml:16:22-78
uses-permission#android.permission.ACCESS_FINE_LOCATION
ADDED from src\main\AndroidManifest.xml:17:5-79
	android:name
		ADDED from src\main\AndroidManifest.xml:17:22-76
uses-permission#android.permission.CHANGE_WIFI_STATE
ADDED from src\main\AndroidManifest.xml:18:5-76
	android:name
		ADDED from src\main\AndroidManifest.xml:18:22-73
uses-permission#android.permission.SEND
ADDED from src\main\AndroidManifest.xml:19:5-63
	android:name
		ADDED from src\main\AndroidManifest.xml:19:22-60
uses-permission#android.permission.KILL_BACKGROUND_PROCESSES
ADDED from src\main\AndroidManifest.xml:20:5-84
	android:name
		ADDED from src\main\AndroidManifest.xml:20:22-81
uses-permission#android.permission.CHANGE_CONFIGURATION
ADDED from src\main\AndroidManifest.xml:21:5-79
	android:name
		ADDED from src\main\AndroidManifest.xml:21:22-76
uses-permission#com.android.launcher.permission.INSTALL_SHORTCUT
ADDED from src\main\AndroidManifest.xml:22:5-88
	android:name
		ADDED from src\main\AndroidManifest.xml:22:22-85
uses-permission#com.android.launcher.permission.READ_SETTINGS
ADDED from src\main\AndroidManifest.xml:23:5-85
	android:name
		ADDED from src\main\AndroidManifest.xml:23:22-82
uses-permission#android.permission.BLUETOOTH_ADMIN
ADDED from src\main\AndroidManifest.xml:24:5-74
	android:name
		ADDED from src\main\AndroidManifest.xml:24:22-71
uses-permission#android.permission.BLUETOOTH
ADDED from src\main\AndroidManifest.xml:25:5-68
	android:name
		ADDED from src\main\AndroidManifest.xml:25:22-65
uses-permission#android.permission.SYSTEM_ALERT_WINDOW
ADDED from src\main\AndroidManifest.xml:26:2-75
	android:name
		ADDED from src\main\AndroidManifest.xml:26:19-72
application
ADDED from src\main\AndroidManifest.xml:28:5-78:19
MERGED from [studioOne:oneCore:unspecified] AndroidManifest.xml:11:5-12:19
MERGED from [studioOne:bugtags:unspecified] AndroidManifest.xml:11:5-12:19
MERGED from [com.pnikosis:materialish-progress:1.7] AndroidManifest.xml:11:5-20
MERGED from [com.android.support:support-v4:21.0.3] AndroidManifest.xml:16:5-19
MERGED from [com.alipay.euler:andfix:0.4.0] AndroidManifest.xml:11:5-12:19
	android:label
		ADDED from src\main\AndroidManifest.xml:32:9-41
	android:allowBackup
		ADDED from src\main\AndroidManifest.xml:30:9-35
	android:icon
		ADDED from src\main\AndroidManifest.xml:31:9-45
	android:theme
		ADDED from src\main\AndroidManifest.xml:33:9-56
	android:name
		ADDED from src\main\AndroidManifest.xml:29:9-49
activity#com.sd.one.activity.SplashActivity
ADDED from src\main\AndroidManifest.xml:34:9-41:20
	android:label
		ADDED from src\main\AndroidManifest.xml:36:13-45
	android:name
		ADDED from src\main\AndroidManifest.xml:35:13-52
intent-filter#android.intent.action.MAIN+android.intent.category.LAUNCHER
ADDED from src\main\AndroidManifest.xml:37:13-40:29
action#android.intent.action.MAIN
ADDED from src\main\AndroidManifest.xml:38:17-69
	android:name
		ADDED from src\main\AndroidManifest.xml:38:25-66
category#android.intent.category.LAUNCHER
ADDED from src\main\AndroidManifest.xml:39:17-77
	android:name
		ADDED from src\main\AndroidManifest.xml:39:27-74
activity#com.sd.one.activity.GuideActivity
ADDED from src\main\AndroidManifest.xml:42:9-60
	android:name
		ADDED from src\main\AndroidManifest.xml:42:19-57
activity#com.sd.one.activity.MainActivity
ADDED from src\main\AndroidManifest.xml:43:9-226
	android:screenOrientation
		ADDED from src\main\AndroidManifest.xml:43:147-183
	android:launchMode
		ADDED from src\main\AndroidManifest.xml:43:115-146
	android:windowSoftInputMode
		ADDED from src\main\AndroidManifest.xml:43:184-223
	android:configChanges
		ADDED from src\main\AndroidManifest.xml:43:57-114
	android:name
		ADDED from src\main\AndroidManifest.xml:43:19-56
activity#com.sd.one.activity.cart.CartActivity
ADDED from src\main\AndroidManifest.xml:45:9-64
	android:name
		ADDED from src\main\AndroidManifest.xml:45:19-61
activity#com.sd.one.activity.category.CategoryActivity
ADDED from src\main\AndroidManifest.xml:46:9-72
	android:name
		ADDED from src\main\AndroidManifest.xml:46:19-69
activity#com.sd.one.activity.collection.CollectionActivity
ADDED from src\main\AndroidManifest.xml:47:9-76
	android:name
		ADDED from src\main\AndroidManifest.xml:47:19-73
activity#com.sd.one.activity.home.HomeActivity
ADDED from src\main\AndroidManifest.xml:48:9-64
	android:name
		ADDED from src\main\AndroidManifest.xml:48:19-61
activity#com.sd.one.activity.more.MoerActivity
ADDED from src\main\AndroidManifest.xml:49:9-64
	android:name
		ADDED from src\main\AndroidManifest.xml:49:19-61
activity#com.alipay.sdk.app.H5PayActivity
ADDED from src\main\AndroidManifest.xml:52:9-57:70
	android:screenOrientation
		ADDED from src\main\AndroidManifest.xml:56:13-49
	android:exported
		ADDED from src\main\AndroidManifest.xml:55:13-37
	android:windowSoftInputMode
		ADDED from src\main\AndroidManifest.xml:57:13-67
	android:configChanges
		ADDED from src\main\AndroidManifest.xml:54:13-74
	android:name
		ADDED from src\main\AndroidManifest.xml:53:13-60
activity#com.bugtags.library.BugtagsActivity
ADDED from src\main\AndroidManifest.xml:62:9-65:64
	android:configChanges
		ADDED from src\main\AndroidManifest.xml:64:4-65
	android:theme
		ADDED from src\main\AndroidManifest.xml:65:4-62
	android:name
		ADDED from src\main\AndroidManifest.xml:63:4-54
receiver#com.bugtags.library.BugtagsReceiver
ADDED from src\main\AndroidManifest.xml:66:3-71:14
	android:name
		ADDED from src\main\AndroidManifest.xml:67:4-54
intent-filter#android.net.conn.CONNECTIVITY_CHANGE
ADDED from src\main\AndroidManifest.xml:68:4-70:20
action#android.net.conn.CONNECTIVITY_CHANGE
ADDED from src\main\AndroidManifest.xml:69:5-66
	android:name
		ADDED from src\main\AndroidManifest.xml:69:13-64
service#com.bugtags.library.BugtagsService
ADDED from src\main\AndroidManifest.xml:72:3-63
	android:name
		ADDED from src\main\AndroidManifest.xml:72:12-61
service#com.sd.one.utils.VersionUpdateService
ADDED from src\main\AndroidManifest.xml:76:9-63
	android:name
		ADDED from src\main\AndroidManifest.xml:76:18-60